<?xml version="1.0" encoding="UTF-8"?>
<!-- Generated by org.testng.reporters.JUnitXMLReporter -->
<testsuite hostname="KE-PC" ignored="0" name="Test" tests="1" failures="1" timestamp="11 Dec 2018 17:02:39 GMT" time="4.765" errors="0">
  <testcase name="checkValidLogin" time="4.523" classname="com_crmpro_login_test.LoginPageTest">
    <failure type="junit.framework.AssertionFailedError" message="expected:&amp;lt;false&amp;gt; but was:&amp;lt;true&amp;gt;">
      <![CDATA[junit.framework.AssertionFailedError: expected:<false> but was:<true>
at junit.framework.Assert.fail(Assert.java:47)
at junit.framework.Assert.failNotEquals(Assert.java:282)
at junit.framework.Assert.assertEquals(Assert.java:64)
at junit.framework.Assert.assertEquals(Assert.java:149)
at junit.framework.Assert.assertEquals(Assert.java:155)
at com_crmpro_login_test.LoginPageTest.checkValidLogin(LoginPageTest.java:16)
... Removed 25 stack frames]]>
    </failure>
  </testcase> <!-- checkValidLogin -->
</testsuite> <!-- Test -->
